<?xml version="1.0" encoding="UTF-8"?>
<!-- Generated by org.testng.reporters.JUnitReportReporter -->
<testsuite skipped="0" hostname="HDOGRUL-LT" name="com.trulia.tests.IliyarTestCases" tests="1" failures="0" timestamp="24 Mar 2018 21:24:11 GMT" time="53.133" errors="0">
  <testcase name="TC009" time="53.133" classname="com.trulia.tests.IliyarTestCases"/>
</testsuite> <!-- com.trulia.tests.IliyarTestCases -->
